<?xml version="1.0" encoding="UTF-8"?>
<testsuite xmlns:xsi="http://www.w3.org/2001/XMLSchema-instance" xsi:noNamespaceSchemaLocation="https://maven.apache.org/surefire/maven-surefire-plugin/xsd/surefire-test-report.xsd" version="3.0.2" name="com.spring.crud_api.CrudApiApplicationTests" time="12.781" tests="1" errors="0" skipped="0" failures="0">
  <properties>
[...]
</properties>
  <testcase name="contextLoads" classname="com.spring.crud_api.CrudApiApplicationTests" time="0.943">
    <system-out><![CDATA[12:03:44.253 [main] INFO org.springframework.test.context.support.AnnotationConfigContextLoaderUtils -- Could not detect default configuration classes for test class [com.spring.crud_api.CrudApiApplicationTests]: CrudApiApplicationTests does not declare any static, non-private, non-final, nested classes annotated with @Configuration.
12:03:44.672 [main] INFO org.springframework.boot.test.context.SpringBootTestContextBootstrapper -- Found @SpringBootConfiguration com.spring.crud_api.CrudApiApplication for test class com.spring.crud_api.CrudApiApplicationTests
12:03:45.272 [main] INFO org.springframework.boot.devtools.restart.RestartApplicationListener -- Restart disabled due to context in which it is running

  .   ____          _            __ _ _
 /\\ / ___'_ __ _ _(_)_ __  __ _ \ \ \ \
( ( )\___ | '_ | '_| | '_ \/ _` | \ \ \ \
 \\/  ___)| |_)| | | | | || (_| |  ) ) ) )
  '  |____| .__|_| |_|_| |_\__, | / / / /
 =========|_|==============|___/=/_/_/_/

 :: Spring Boot ::                (v3.4.4)

2025-03-27T12:03:46.000+05:30  INFO 55248 --- [crud-api] [           main] c.s.crud_api.CrudApiApplicationTests     : Starting CrudApiApplicationTests using Java 17.0.9 with PID 55248 (started by NILESH in E:\Intellije Projects\New Spring training\nilesh-spring-boot-training)
2025-03-27T12:03:46.006+05:30  INFO 55248 --- [crud-api] [           main] c.s.crud_api.CrudApiApplicationTests     : No active profile set, falling back to 1 default profile: "default"
2025-03-27T12:03:47.822+05:30  INFO 55248 --- [crud-api] [           main] .s.d.r.c.RepositoryConfigurationDelegate : Bootstrapping Spring Data JPA repositories in DEFAULT mode.
2025-03-27T12:03:47.976+05:30  INFO 55248 --- [crud-api] [           main] .s.d.r.c.RepositoryConfigurationDelegate : Finished Spring Data repository scanning in 124 ms. Found 1 JPA repository interface.
2025-03-27T12:03:48.972+05:30  INFO 55248 --- [crud-api] [           main] o.hibernate.jpa.internal.util.LogHelper  : HHH000204: Processing PersistenceUnitInfo [name: default]
2025-03-27T12:03:49.147+05:30  INFO 55248 --- [crud-api] [           main] org.hibernate.Version                    : HHH000412: Hibernate ORM core version 6.6.11.Final
2025-03-27T12:03:49.265+05:30  INFO 55248 --- [crud-api] [           main] o.h.c.internal.RegionFactoryInitiator    : HHH000026: Second-level cache disabled
2025-03-27T12:03:50.186+05:30  INFO 55248 --- [crud-api] [           main] o.s.o.j.p.SpringPersistenceUnitInfo      : No LoadTimeWeaver setup: ignoring JPA class transformer
2025-03-27T12:03:50.278+05:30  INFO 55248 --- [crud-api] [           main] com.zaxxer.hikari.HikariDataSource       : HikariPool-1 - Starting...
2025-03-27T12:03:50.797+05:30  INFO 55248 --- [crud-api] [           main] com.zaxxer.hikari.pool.HikariPool        : HikariPool-1 - Added connection org.postgresql.jdbc.PgConnection@67b560fe
2025-03-27T12:03:50.802+05:30  INFO 55248 --- [crud-api] [           main] com.zaxxer.hikari.HikariDataSource       : HikariPool-1 - Start completed.
2025-03-27T12:03:51.001+05:30  INFO 55248 --- [crud-api] [           main] org.hibernate.orm.connections.pooling    : HHH10001005: Database info:
	Database JDBC URL [Connecting through datasource 'HikariDataSource (HikariPool-1)']
	Database driver: undefined/unknown
	Database version: 17.4
	Autocommit mode: undefined/unknown
	Isolation level: undefined/unknown
	Minimum pool size: undefined/unknown
	Maximum pool size: undefined/unknown
2025-03-27T12:03:53.234+05:30  INFO 55248 --- [crud-api] [           main] o.h.e.t.j.p.i.JtaPlatformInitiator       : HHH000489: No JTA platform available (set 'hibernate.transaction.jta.platform' to enable JTA platform integration)
2025-03-27T12:03:53.358+05:30  INFO 55248 --- [crud-api] [           main] j.LocalContainerEntityManagerFactoryBean : Initialized JPA EntityManagerFactory for persistence unit 'default'
2025-03-27T12:03:54.344+05:30  WARN 55248 --- [crud-api] [           main] JpaBaseConfiguration$JpaWebConfiguration : spring.jpa.open-in-view is enabled by default. Therefore, database queries may be performed during view rendering. Explicitly configure spring.jpa.open-in-view to disable this warning
2025-03-27T12:03:55.591+05:30  INFO 55248 --- [crud-api] [           main] c.s.crud_api.CrudApiApplicationTests     : Started CrudApiApplicationTests in 10.34 seconds (process running for 13.401)
]]></system-out>
  </testcase>
</testsuite>